<?xml version="1.0" encoding="UTF-8"?>
<!-- Generated by org.testng.reporters.JUnitReportReporter -->
<testsuite hostname="LAPTOP-TOSPC5P3" failures="0" tests="5" name="tests.TC_002_LogInTest" time="17.412" errors="0" timestamp="2025-08-22T23:57:22 IST" skipped="0">
  <testcase classname="tests.TC_002_LogInTest" name="homepagedata" time="3.365"/>
  <testcase classname="tests.TC_002_LogInTest" name="homepagedata" time="3.165"/>
  <testcase classname="tests.TC_002_LogInTest" name="homepagedata" time="3.385"/>
  <testcase classname="tests.TC_002_LogInTest" name="homepagedata" time="3.375"/>
  <testcase classname="tests.TC_002_LogInTest" name="homepagedata" time="4.122"/>
</testsuite> <!-- tests.TC_002_LogInTest -->
