<?xml version="1.0" encoding="UTF-8"?>
<!-- Generated by org.testng.reporters.JUnitReportReporter -->
<testsuite hostname="LAPTOP-TOSPC5P3" failures="0" tests="2" name="tests.TC_007_InputValidationTest" time="13.566" errors="0" timestamp="2025-08-19T23:49:14 IST" skipped="0">
  <testcase classname="tests.TC_007_InputValidationTest" name="inputValidationtest" time="7.882"/>
  <testcase classname="tests.TC_007_InputValidationTest" name="inputValidationtest" time="5.684"/>
</testsuite> <!-- tests.TC_007_InputValidationTest -->
