<?xml version="1.0" encoding="UTF-8"?>
<!-- Generated by org.testng.reporters.JUnitReportReporter -->
<testsuite hostname="LAPTOP-TOSPC5P3" failures="0" tests="1" name="tests.TC_004_EditContactTest" time="10.152" errors="0" timestamp="2025-07-04T21:32:42 IST" skipped="0">
  <testcase classname="tests.TC_004_EditContactTest" name="verifyMissingLastNameTriggersValidationError" time="10.152"/>
</testsuite> <!-- tests.TC_004_EditContactTest -->
