<?xml version="1.0" encoding="UTF-8"?>
<!-- Generated by org.testng.reporters.JUnitReportReporter -->
<testsuite hostname="LAPTOP-TOSPC5P3" failures="0" tests="4" name="tests.TC_003_AddContactTest" time="23.796" errors="0" timestamp="2025-08-22T23:57:22 IST" skipped="0">
  <testcase classname="tests.TC_003_AddContactTest" name="addcontactTest" time="5.306"/>
  <testcase classname="tests.TC_003_AddContactTest" name="addcontactTest" time="6.288"/>
  <testcase classname="tests.TC_003_AddContactTest" name="addcontactTest" time="5.675"/>
  <testcase classname="tests.TC_003_AddContactTest" name="addcontactTest" time="6.527"/>
</testsuite> <!-- tests.TC_003_AddContactTest -->
