<?xml version="1.0" encoding="UTF-8"?>
<!-- Generated by org.testng.reporters.JUnitReportReporter -->
<testsuite hostname="LAPTOP-TOSPC5P3" failures="0" tests="5" name="tests.TC_002_LogInTest" time="16.962" errors="0" timestamp="2025-08-23T23:56:22 IST" skipped="0">
  <testcase classname="tests.TC_002_LogInTest" name="homepagedata" time="3.435"/>
  <testcase classname="tests.TC_002_LogInTest" name="homepagedata" time="3.881"/>
  <testcase classname="tests.TC_002_LogInTest" name="homepagedata" time="3.350"/>
  <testcase classname="tests.TC_002_LogInTest" name="homepagedata" time="3.024"/>
  <testcase classname="tests.TC_002_LogInTest" name="homepagedata" time="3.272"/>
</testsuite> <!-- tests.TC_002_LogInTest -->
