<?xml version="1.0" encoding="UTF-8"?>
<!-- Generated by org.testng.reporters.JUnitReportReporter -->
<testsuite hostname="LAPTOP-TOSPC5P3" failures="0" tests="3" name="tests.TC_004_EditContactTest" time="37.297" errors="0" timestamp="2025-08-19T23:01:26 IST" skipped="0">
  <testcase classname="tests.TC_004_EditContactTest" name="editContactTest" time="13.664"/>
  <testcase classname="tests.TC_004_EditContactTest" name="verifyEditCancelRetainsOriginalDetails" time="14.409"/>
  <testcase classname="tests.TC_004_EditContactTest" name="verifyMissingLastNameTriggersValidationError" time="9.224"/>
</testsuite> <!-- tests.TC_004_EditContactTest -->
