<?xml version="1.0" encoding="UTF-8"?>
<!-- Generated by org.testng.reporters.JUnitReportReporter -->
<testsuite hostname="LAPTOP-TOSPC5P3" failures="0" tests="5" name="tests.TC_002_HomePage" time="18.807" errors="0" timestamp="2025-08-10T16:21:44 IST" skipped="0">
  <testcase classname="tests.TC_002_HomePage" name="homepagedata" time="3.347"/>
  <testcase classname="tests.TC_002_HomePage" name="homepagedata" time="3.019"/>
  <testcase classname="tests.TC_002_HomePage" name="homepagedata" time="5.041"/>
  <testcase classname="tests.TC_002_HomePage" name="homepagedata" time="4.002"/>
  <testcase classname="tests.TC_002_HomePage" name="homepagedata" time="3.398"/>
</testsuite> <!-- tests.TC_002_HomePage -->
