<?xml version="1.0" encoding="UTF-8"?>
<!-- Generated by org.testng.reporters.JUnitReportReporter -->
<testsuite hostname="LAPTOP-TOSPC5P3" failures="0" tests="4" name="tests.TC_001_SignUpTest" time="18.721" errors="0" timestamp="2025-08-22T23:57:22 IST" skipped="0">
  <testcase classname="tests.TC_001_SignUpTest" name="signuptest" time="4.066"/>
  <testcase classname="tests.TC_001_SignUpTest" name="signuptest" time="5.643"/>
  <testcase classname="tests.TC_001_SignUpTest" name="signuptest" time="4.149"/>
  <testcase classname="tests.TC_001_SignUpTest" name="signuptest" time="4.863"/>
</testsuite> <!-- tests.TC_001_SignUpTest -->
