<?xml version="1.0" encoding="UTF-8"?>
<!-- Generated by org.testng.reporters.JUnitReportReporter -->
<testsuite hostname="LAPTOP-TOSPC5P3" failures="0" tests="2" name="tests.TC_007_InputValidationTest" time="11.245" errors="0" timestamp="2025-08-23T01:36:54 IST" skipped="0">
  <testcase classname="tests.TC_007_InputValidationTest" name="inputValidationtest" time="5.283"/>
  <testcase classname="tests.TC_007_InputValidationTest" name="inputValidationtest" time="5.962"/>
</testsuite> <!-- tests.TC_007_InputValidationTest -->
