<?xml version="1.0" encoding="UTF-8"?>
<!-- Generated by org.testng.reporters.JUnitReportReporter -->
<testsuite hostname="LAPTOP-TOSPC5P3" failures="0" tests="4" name="tests.TC_001_SignUpTest" time="17.995" errors="0" timestamp="2025-08-23T23:56:22 IST" skipped="0">
  <testcase classname="tests.TC_001_SignUpTest" name="signuptest" time="4.592"/>
  <testcase classname="tests.TC_001_SignUpTest" name="signuptest" time="3.989"/>
  <testcase classname="tests.TC_001_SignUpTest" name="signuptest" time="5.488"/>
  <testcase classname="tests.TC_001_SignUpTest" name="signuptest" time="3.926"/>
</testsuite> <!-- tests.TC_001_SignUpTest -->
