<?xml version="1.0" encoding="UTF-8"?>
<!-- Generated by org.testng.reporters.JUnitReportReporter -->
<testsuite hostname="LAPTOP-TOSPC5P3" failures="0" tests="3" name="tests.TC_006_SessionNavigationTest" time="24.005" errors="0" timestamp="2025-08-23T23:56:22 IST" skipped="0">
  <testcase classname="tests.TC_006_SessionNavigationTest" name="testLogoutRedirectsToLoginPage" time="7.505"/>
  <testcase classname="tests.TC_006_SessionNavigationTest" name="testLoginStateOnRefresh" time="8.768"/>
  <testcase classname="tests.TC_006_SessionNavigationTest" name="testBackNavigationAfterLogout" time="7.732"/>
</testsuite> <!-- tests.TC_006_SessionNavigationTest -->
