<?xml version="1.0" encoding="UTF-8"?>
<!-- Generated by org.testng.reporters.JUnitReportReporter -->
<testsuite hostname="LAPTOP-TOSPC5P3" failures="0" tests="4" name="tests.TC_003_AddContactTest" time="23.939" errors="0" timestamp="2025-08-23T01:36:54 IST" skipped="0">
  <testcase classname="tests.TC_003_AddContactTest" name="addcontactTest" time="6.411"/>
  <testcase classname="tests.TC_003_AddContactTest" name="addcontactTest" time="5.422"/>
  <testcase classname="tests.TC_003_AddContactTest" name="addcontactTest" time="6.505"/>
  <testcase classname="tests.TC_003_AddContactTest" name="addcontactTest" time="5.601"/>
</testsuite> <!-- tests.TC_003_AddContactTest -->
