<?xml version="1.0" encoding="UTF-8"?>
<!-- Generated by org.testng.reporters.JUnitReportReporter -->
<testsuite hostname="LAPTOP-TOSPC5P3" failures="0" tests="1" name="tests.TC_006_SessionNavigationTest" time="9.549" errors="0" timestamp="2025-08-19T23:46:10 IST" skipped="0">
  <testcase classname="tests.TC_006_SessionNavigationTest" name="testBackNavigationAfterLogout" time="9.549"/>
</testsuite> <!-- tests.TC_006_SessionNavigationTest -->
