<?xml version="1.0" encoding="UTF-8"?>
<!-- Generated by org.testng.reporters.JUnitReportReporter -->
<testsuite hostname="LAPTOP-TOSPC5P3" failures="0" tests="5" name="tests.TC_002_LogInTest" time="20.440" errors="0" timestamp="2025-08-19T22:23:12 IST" skipped="0">
  <testcase classname="tests.TC_002_LogInTest" name="homepagedata" time="3.757"/>
  <testcase classname="tests.TC_002_LogInTest" name="homepagedata" time="3.618"/>
  <testcase classname="tests.TC_002_LogInTest" name="homepagedata" time="5.122"/>
  <testcase classname="tests.TC_002_LogInTest" name="homepagedata" time="4.573"/>
  <testcase classname="tests.TC_002_LogInTest" name="homepagedata" time="3.370"/>
</testsuite> <!-- tests.TC_002_LogInTest -->
