<?xml version="1.0" encoding="UTF-8"?>
<!-- Generated by org.testng.reporters.JUnitReportReporter -->
<testsuite hostname="LAPTOP-TOSPC5P3" failures="0" tests="1" name="tests.TC_005_DeleteContactTest" time="58.716" errors="0" timestamp="2025-07-05T23:27:27 IST" skipped="0">
  <testcase classname="tests.TC_005_DeleteContactTest" name="DeleteContactTest" time="58.716"/>
</testsuite> <!-- tests.TC_005_DeleteContactTest -->
