<?xml version="1.0" encoding="UTF-8"?>
<!-- Generated by org.testng.reporters.JUnitReportReporter -->
<testsuite hostname="LAPTOP-TOSPC5P3" failures="0" tests="4" name="tests.TC_003_AddContactTest" time="23.403" errors="0" timestamp="2025-08-23T23:56:22 IST" skipped="0">
  <testcase classname="tests.TC_003_AddContactTest" name="addcontactTest" time="6.401"/>
  <testcase classname="tests.TC_003_AddContactTest" name="addcontactTest" time="6.053"/>
  <testcase classname="tests.TC_003_AddContactTest" name="addcontactTest" time="5.442"/>
  <testcase classname="tests.TC_003_AddContactTest" name="addcontactTest" time="5.507"/>
</testsuite> <!-- tests.TC_003_AddContactTest -->
