<?xml version="1.0" encoding="UTF-8"?>
<!-- Generated by org.testng.reporters.JUnitReportReporter -->
<testsuite hostname="LAPTOP-TOSPC5P3" failures="0" tests="1" name="tests.TC_006_SessionNavigationTest" time="11.245" errors="0" timestamp="2025-07-11T21:35:38 IST" skipped="0">
  <testcase classname="tests.TC_006_SessionNavigationTest" name="testBackNavigationAfterLogout" time="11.245"/>
</testsuite> <!-- tests.TC_006_SessionNavigationTest -->
