<?xml version="1.0" encoding="UTF-8"?>
<!-- Generated by org.testng.reporters.JUnitReportReporter -->
<testsuite hostname="LAPTOP-TOSPC5P3" failures="0" tests="3" name="tests.TC_006_SessionNavigationTest" time="24.262" errors="0" timestamp="2025-08-22T23:57:22 IST" skipped="0">
  <testcase classname="tests.TC_006_SessionNavigationTest" name="testLogoutRedirectsToLoginPage" time="6.531"/>
  <testcase classname="tests.TC_006_SessionNavigationTest" name="testLoginStateOnRefresh" time="8.590"/>
  <testcase classname="tests.TC_006_SessionNavigationTest" name="testBackNavigationAfterLogout" time="9.141"/>
</testsuite> <!-- tests.TC_006_SessionNavigationTest -->
