<?xml version="1.0" encoding="UTF-8"?>
<!-- Generated by org.testng.reporters.JUnitReportReporter -->
<testsuite hostname="LAPTOP-TOSPC5P3" failures="0" tests="1" name="tests.TC_008_UiTest" time="5.444" errors="0" timestamp="2025-08-23T01:36:54 IST" skipped="0">
  <testcase classname="tests.TC_008_UiTest" name="UiTest" time="5.444"/>
</testsuite> <!-- tests.TC_008_UiTest -->
