<?xml version="1.0" encoding="UTF-8"?>
<!-- Generated by org.testng.reporters.JUnitReportReporter -->
<testsuite hostname="LAPTOP-TOSPC5P3" failures="0" tests="2" name="tests.TC_007_InputValidationTest" time="15.537" errors="0" timestamp="2025-07-12T20:23:58 IST" skipped="0">
  <testcase classname="tests.TC_007_InputValidationTest" name="inputValidationtest" time="8.644"/>
  <testcase classname="tests.TC_007_InputValidationTest" name="inputValidationtest" time="6.893"/>
</testsuite> <!-- tests.TC_007_InputValidationTest -->
