<?xml version="1.0" encoding="UTF-8"?>
<!-- Generated by org.testng.reporters.JUnitReportReporter -->
<testsuite hostname="LAPTOP-TOSPC5P3" failures="0" tests="4" name="tests.TC_001_SignUpTest" time="25.168" errors="0" timestamp="2025-07-01T15:23:56 IST" skipped="0">
  <testcase classname="tests.TC_001_SignUpTest" name="signuptest" time="7.080"/>
  <testcase classname="tests.TC_001_SignUpTest" name="signuptest" time="5.056"/>
  <testcase classname="tests.TC_001_SignUpTest" name="signuptest" time="6.862"/>
  <testcase classname="tests.TC_001_SignUpTest" name="signuptest" time="6.170"/>
</testsuite> <!-- tests.TC_001_SignUpTest -->
