<?xml version="1.0" encoding="UTF-8"?>
<!-- Generated by org.testng.reporters.JUnitReportReporter -->
<testsuite hostname="LAPTOP-TOSPC5P3" failures="0" tests="4" name="tests.TC_003_AddContactTest" time="26.708" errors="0" timestamp="2025-08-19T22:30:56 IST" skipped="0">
  <testcase classname="tests.TC_003_AddContactTest" name="addcontactTest" time="8.291"/>
  <testcase classname="tests.TC_003_AddContactTest" name="addcontactTest" time="5.721"/>
  <testcase classname="tests.TC_003_AddContactTest" name="addcontactTest" time="5.782"/>
  <testcase classname="tests.TC_003_AddContactTest" name="addcontactTest" time="6.914"/>
</testsuite> <!-- tests.TC_003_AddContactTest -->
