<?xml version="1.0" encoding="UTF-8"?>
<!-- Generated by org.testng.reporters.JUnitReportReporter -->
<testsuite hostname="LAPTOP-TOSPC5P3" failures="0" tests="5" name="tests.TC_002_LogInTest" time="17.132" errors="0" timestamp="2025-08-23T01:36:54 IST" skipped="0">
  <testcase classname="tests.TC_002_LogInTest" name="homepagedata" time="3.390"/>
  <testcase classname="tests.TC_002_LogInTest" name="homepagedata" time="3.338"/>
  <testcase classname="tests.TC_002_LogInTest" name="homepagedata" time="3.403"/>
  <testcase classname="tests.TC_002_LogInTest" name="homepagedata" time="3.054"/>
  <testcase classname="tests.TC_002_LogInTest" name="homepagedata" time="3.947"/>
</testsuite> <!-- tests.TC_002_LogInTest -->
