<?xml version="1.0" encoding="UTF-8"?>
<!-- Generated by org.testng.reporters.JUnitReportReporter -->
<testsuite hostname="LAPTOP-TOSPC5P3" failures="0" tests="1" name="tests.TC_005_DeleteContactTest" time="55.589" errors="0" timestamp="2025-08-23T23:56:22 IST" skipped="0">
  <testcase classname="tests.TC_005_DeleteContactTest" name="DeleteContactTest" time="55.589"/>
</testsuite> <!-- tests.TC_005_DeleteContactTest -->
