<?xml version="1.0" encoding="UTF-8"?>
<!-- Generated by org.testng.reporters.JUnitReportReporter -->
<testsuite hostname="LAPTOP-TOSPC5P3" failures="0" tests="3" name="tests.TC_006_SessionNavigationTest" time="24.701" errors="0" timestamp="2025-08-23T01:36:54 IST" skipped="0">
  <testcase classname="tests.TC_006_SessionNavigationTest" name="testLogoutRedirectsToLoginPage" time="7.736"/>
  <testcase classname="tests.TC_006_SessionNavigationTest" name="testLoginStateOnRefresh" time="8.775"/>
  <testcase classname="tests.TC_006_SessionNavigationTest" name="testBackNavigationAfterLogout" time="8.190"/>
</testsuite> <!-- tests.TC_006_SessionNavigationTest -->
