<?xml version="1.0" encoding="UTF-8"?>
<!-- Generated by org.testng.reporters.JUnitReportReporter -->
<testsuite hostname="LAPTOP-TOSPC5P3" failures="0" tests="4" name="tests.TC_001_SignUpTest" time="18.200" errors="0" timestamp="2025-08-23T01:36:54 IST" skipped="0">
  <testcase classname="tests.TC_001_SignUpTest" name="signuptest" time="4.058"/>
  <testcase classname="tests.TC_001_SignUpTest" name="signuptest" time="3.897"/>
  <testcase classname="tests.TC_001_SignUpTest" name="signuptest" time="5.622"/>
  <testcase classname="tests.TC_001_SignUpTest" name="signuptest" time="4.623"/>
</testsuite> <!-- tests.TC_001_SignUpTest -->
