<?xml version="1.0" encoding="UTF-8"?>
<!-- Generated by org.testng.reporters.JUnitReportReporter -->
<testsuite hostname="LAPTOP-TOSPC5P3" failures="0" tests="5" name="tests.TC_002_HomePage" time="177.235" errors="0" timestamp="2025-07-01T00:00:00 IST" skipped="0">
  <testcase classname="tests.TC_002_HomePage" name="homepagedata" time="9.632"/>
  <testcase classname="tests.TC_002_HomePage" name="homepagedata" time="7.998"/>
  <testcase classname="tests.TC_002_HomePage" name="homepagedata" time="78.963"/>
  <testcase classname="tests.TC_002_HomePage" name="homepagedata" time="4.540"/>
  <testcase classname="tests.TC_002_HomePage" name="homepagedata" time="76.102"/>
</testsuite> <!-- tests.TC_002_HomePage -->
